<?xml version="1.0" encoding="UTF-8"?>
<testsuite xmlns:xsi="http://www.w3.org/2001/XMLSchema-instance" xsi:noNamespaceSchemaLocation="https://maven.apache.org/surefire/maven-surefire-plugin/xsd/surefire-test-report-3.0.xsd" version="3.0" name="app.exercice2.EgauxTest" time="0.1" tests="7" errors="0" skipped="0" failures="0">
  <properties>
[...]
</properties>
  <testcase name="testTableauxIdentiquesDansOrdreDifferent" classname="app.exercice2.EgauxTest" time="0.053"/>
  <testcase name="testTableauxDifferents" classname="app.exercice2.EgauxTest" time="0.001"/>
  <testcase name="testTableauxLongueursDifferentes" classname="app.exercice2.EgauxTest" time="0.001"/>
  <testcase name="testTableauVideAutreNon" classname="app.exercice2.EgauxTest" time="0.001"/>
  <testcase name="testTableauxVides" classname="app.exercice2.EgauxTest" time="0.001"/>
  <testcase name="testTableauxAvecElementsCommuns" classname="app.exercice2.EgauxTest" time="0.001"/>
  <testcase name="testTableauxIdentiques" classname="app.exercice2.EgauxTest" time="0.001"/>
</testsuite>